<?xml version="1.0" encoding="UTF-8"?>
<!-- Generated by org.testng.reporters.JUnitReportReporter -->
<testsuite hostname="DESKTOP-OVC9B5E" failures="0" tests="2" name="com.techpanda.mobile.Practice_06_Purchase_Product" time="12.950" errors="0" timestamp="01 May 2022 19:41:27 GMT" skipped="0">
  <testcase classname="com.techpanda.mobile.Practice_06_Purchase_Product" name="TC_02_Purchase" time="8.610"/>
  <testcase classname="com.techpanda.mobile.Practice_06_Purchase_Product" name="TC_01_Login" time="4.340"/>
</testsuite> <!-- com.techpanda.mobile.Practice_06_Purchase_Product -->
