<?xml version="1.0" encoding="UTF-8"?>
<!-- Generated by org.testng.reporters.JUnitReportReporter -->
<testsuite hostname="DESKTOP-OVC9B5E" failures="0" tests="1" name="com.techpanda.mobile.Practice_01_Repeat_YourselfTest" time="2.677" errors="0" timestamp="26 Apr 2022 00:45:51 GMT" skipped="0">
  <testcase classname="com.techpanda.mobile.Practice_01_Repeat_YourselfTest" name="TC_01_Verify_Title" time="2.677"/>
</testsuite> <!-- com.techpanda.mobile.Practice_01_Repeat_YourselfTest -->
