<?xml version="1.0" encoding="UTF-8"?>
<!-- Generated by org.testng.reporters.JUnitReportReporter -->
<testsuite skipped="0" hostname="btklinh" name="com.java.basic.Part_05_Multibrowser" tests="1" failures="0" timestamp="23 May 2022 04:45:21 GMT" time="3.954" errors="0">
  <testcase name="Test_01_Login" time="3.954" classname="com.java.basic.Part_05_Multibrowser"/>
</testsuite> <!-- com.java.basic.Part_05_Multibrowser -->
