<?xml version="1.0" encoding="UTF-8"?>
<!-- Generated by org.testng.reporters.JUnitReportReporter -->
<testsuite hostname="DESKTOP-OVC9B5E" failures="0" tests="1" name="com.java.basic.ArrayList" time="6.095" errors="0" timestamp="01 May 2022 21:39:13 GMT" skipped="0">
  <testcase classname="com.java.basic.ArrayList" name="TC_01_Login" time="6.095"/>
</testsuite> <!-- com.java.basic.ArrayList -->
