<?xml version="1.0" encoding="UTF-8"?>
<!-- Generated by org.testng.reporters.JUnitReportReporter -->
<testsuite hostname="DESKTOP-OVC9B5E" failures="0" tests="3" name="com.techpanda.mobile.Practice_02_Mobile_Information" time="25.222" errors="0" timestamp="29 Apr 2022 15:17:42 GMT" skipped="0">
  <testcase classname="com.techpanda.mobile.Practice_02_Mobile_Information" name="TC_01_Verify_Price_Sony" time="5.063"/>
  <testcase classname="com.techpanda.mobile.Practice_02_Mobile_Information" name="TC_01_Verify_Price_Sony" time="15.205"/>
  <testcase classname="com.techpanda.mobile.Practice_02_Mobile_Information" name="TC_01_Verify_Price_Sony" time="4.954"/>
</testsuite> <!-- com.techpanda.mobile.Practice_02_Mobile_Information -->
