<?xml version="1.0" encoding="UTF-8"?>
<!-- Generated by org.testng.reporters.JUnitReportReporter -->
<testsuite skipped="0" hostname="btklinh" name="com.java.basic.Part_04_TestNG_Annotation_2" tests="3" failures="0" timestamp="23 May 2022 04:03:41 GMT" time="0.003" errors="0">
  <testcase name="Test_01" time="0.001" classname="com.java.basic.Part_04_TestNG_Annotation_2"/>
  <testcase name="Test_03" time="0.001" classname="com.java.basic.Part_04_TestNG_Annotation_2"/>
  <testcase name="Test_02" time="0.001" classname="com.java.basic.Part_04_TestNG_Annotation_2"/>
</testsuite> <!-- com.java.basic.Part_04_TestNG_Annotation_2 -->
