<?xml version="1.0" encoding="UTF-8"?>
<!-- Generated by org.testng.reporters.JUnitReportReporter -->
<testsuite hostname="DESKTOP-OVC9B5E" failures="0" tests="4" name="com.techpanda.mobile.Practice_08_Update_Order" time="14.500" errors="0" timestamp="03 May 2022 16:32:50 GMT" skipped="0">
  <testcase classname="com.techpanda.mobile.Practice_08_Update_Order" name="TC_04_Verify_Input_Valid_Billing_Shipping_Info" time="6.561"/>
  <testcase classname="com.techpanda.mobile.Practice_08_Update_Order" name="TC_01_Login" time="4.849"/>
  <testcase classname="com.techpanda.mobile.Practice_08_Update_Order" name="TC_02_Verify_Grand_Total_Update_Qty_Order" time="3.090"/>
  <testcase classname="com.techpanda.mobile.Practice_08_Update_Order" name="TC_03_Verify_Grand_Total_Update_Shipping_Tax" time="0.000"/>
</testsuite> <!-- com.techpanda.mobile.Practice_08_Update_Order -->
