<?xml version="1.0" encoding="UTF-8"?>
<!-- Generated by org.testng.reporters.JUnitReportReporter -->
<testsuite hostname="DESKTOP-OVC9B5E" failures="0" tests="2" name="com.bankguru.user.Practice_01_Repeat_YourselfTest" time="3.942" errors="0" timestamp="17 Apr 2022 15:46:04 GMT" skipped="0">
  <testcase classname="com.bankguru.user.Practice_01_Repeat_YourselfTest" name="TC_02_Verify_Product_Sort_By_Name" time="3.874"/>
  <testcase classname="com.bankguru.user.Practice_01_Repeat_YourselfTest" name="TC_01_Verify_Title" time="0.068"/>
</testsuite> <!-- com.bankguru.user.Practice_01_Repeat_YourselfTest -->
