<?xml version="1.0" encoding="UTF-8"?>
<!-- Generated by org.testng.reporters.JUnitReportReporter -->
<testsuite hostname="DESKTOP-OVC9B5E" failures="0" tests="3" name="com.techpanda.mobile.Practice_01_Filter" time="5.861" errors="0" timestamp="03 May 2022 15:25:55 GMT" skipped="0">
  <testcase classname="com.techpanda.mobile.Practice_01_Filter" name="TC_02_Product_Sort_By_Price" time="3.966"/>
  <testcase classname="com.techpanda.mobile.Practice_01_Filter" name="TC_01_Product_Sort_By_Name" time="1.159"/>
  <testcase classname="com.techpanda.mobile.Practice_01_Filter" name="TC_03_Produce_Sort_By_Review" time="0.736"/>
</testsuite> <!-- com.techpanda.mobile.Practice_01_Filter -->
