<?xml version="1.0" encoding="UTF-8"?>
<!-- Generated by org.testng.reporters.JUnitReportReporter -->
<testsuite hostname="DESKTOP-OVC9B5E" failures="0" tests="3" name="com.techpanda.cart.TC_01_Add_Product_To_Cart" time="39.574" errors="0" timestamp="08 May 2022 16:58:27 GMT" skipped="0">
  <testcase classname="com.techpanda.cart.TC_01_Add_Product_To_Cart" name="TC_02_Verify_Flat_Rate_Grand_Total" time="14.456"/>
  <testcase classname="com.techpanda.cart.TC_01_Add_Product_To_Cart" name="TC_01_Add_One_Product" time="9.651"/>
  <testcase classname="com.techpanda.cart.TC_01_Add_Product_To_Cart" name="TC_03_Add_Multi_Product" time="15.467"/>
</testsuite> <!-- com.techpanda.cart.TC_01_Add_Product_To_Cart -->
