<?xml version="1.0" encoding="UTF-8"?>
<!-- Generated by org.testng.reporters.JUnitReportReporter -->
<testsuite hostname="DESKTOP-OVC9B5E" failures="0" tests="5" name="com.techpanda.page.TC_01_Page" time="9.769" errors="0" timestamp="10 May 2022 17:49:53 GMT" skipped="0">
  <testcase classname="com.techpanda.page.TC_01_Page" name="TC_08_Verify_Header_My_Shopping_Cart" time="3.708"/>
  <testcase classname="com.techpanda.page.TC_01_Page" name="TC_07_Verify_Header_My_Shopping_Cart_Blank" time="1.236"/>
  <testcase classname="com.techpanda.page.TC_01_Page" name="TC_01_Verify_Header_Submenu_Account_Without_Login" time="0.265"/>
  <testcase classname="com.techpanda.page.TC_01_Page" name="TC_03_Verify_Header_My_Account_Page" time="3.139"/>
  <testcase classname="com.techpanda.page.TC_01_Page" name="TC_05_Verify_Header_My_Wishlist_Page" time="1.421"/>
</testsuite> <!-- com.techpanda.page.TC_01_Page -->
