<?xml version="1.0" encoding="UTF-8"?>
<!-- Generated by org.testng.reporters.JUnitReportReporter -->
<testsuite skipped="0" hostname="btklinh" name="com.java.basic.Part_02_Array" tests="1" failures="0" timestamp="06 May 2022 10:06:17 GMT" time="9.325" errors="0">
  <testcase name="TC_01_Login" time="9.325" classname="com.java.basic.Part_02_Array"/>
</testsuite> <!-- com.java.basic.Part_02_Array -->
