<?xml version="1.0" encoding="UTF-8"?>
<!-- Generated by org.testng.reporters.JUnitReportReporter -->
<testsuite hostname="DESKTOP-OVC9B5E" failures="0" tests="1" name="com.techpanda.noframework.NewTest" time="3.283" errors="0" timestamp="08 May 2022 17:48:39 GMT" skipped="0">
  <testcase classname="com.techpanda.noframework.NewTest" name="Login" time="3.283"/>
</testsuite> <!-- com.techpanda.noframework.NewTest -->
