<?xml version="1.0" encoding="UTF-8"?>
<!-- Generated by org.testng.reporters.JUnitReportReporter -->
<testsuite hostname="DESKTOP-OVC9B5E" failures="0" tests="3" name="com.java.basic.Part_05_Multibrowser" time="4.734" errors="0" timestamp="23 May 2022 15:58:22 GMT" skipped="0">
  <testcase classname="com.java.basic.Part_05_Multibrowser" name="Test_01_Login" time="3.773"/>
  <testcase classname="com.java.basic.Part_05_Multibrowser" name="Test_02_Verify_Helpdesk_Menu" time="0.667"/>
  <testcase classname="com.java.basic.Part_05_Multibrowser" name="Test_04_Verify_Logout" time="0.294"/>
</testsuite> <!-- com.java.basic.Part_05_Multibrowser -->
