<?xml version="1.0" encoding="UTF-8"?>
<!-- Generated by org.testng.reporters.JUnitReportReporter -->
<testsuite skipped="0" hostname="btklinh" name="com.java.basic.Part_03_TestNG_Annotation" tests="3" failures="0" timestamp="23 May 2022 04:03:41 GMT" time="0.008" errors="0">
  <testcase name="Test_03" time="0.002" classname="com.java.basic.Part_03_TestNG_Annotation"/>
  <testcase name="Test_02" time="0.002" classname="com.java.basic.Part_03_TestNG_Annotation"/>
  <testcase name="Test_01" time="0.004" classname="com.java.basic.Part_03_TestNG_Annotation"/>
</testsuite> <!-- com.java.basic.Part_03_TestNG_Annotation -->
