<?xml version="1.0" encoding="UTF-8"?>
<!-- Generated by org.testng.reporters.JUnitReportReporter -->
<testsuite hostname="DESKTOP-OVC9B5E" failures="0" tests="2" name="com.bankguru.user.Level_01_Repeat_Yourself" time="9.438" errors="0" timestamp="17 Apr 2022 09:44:24 GMT" skipped="0">
  <testcase classname="com.bankguru.user.Level_01_Repeat_Yourself" name="TC_01_Register_To_System" time="6.761"/>
  <testcase classname="com.bankguru.user.Level_01_Repeat_Yourself" name="TC_02_Login_To_System" time="2.677"/>
</testsuite> <!-- com.bankguru.user.Level_01_Repeat_Yourself -->
